#
# A fatal error has been detected by the Java Runtime Environment:
#
#  EXCEPTION_ACCESS_VIOLATION (0xc0000005) at pc=0x1717f9f8, pid=17996, tid=0x000051c0
#
# JRE version: Java(TM) SE Runtime Environment (8.0_131-b11) (build 1.8.0_131-b11)
# Java VM: Java HotSpot(TM) Client VM (25.131-b11 mixed mode windows-x86 )
# Problematic frame:
# C  0x1717f9f8
#
# Failed to write core dump. Minidumps are not enabled by default on client versions of Windows
#
# If you would like to submit a bug report, please visit:
#   http://bugreport.java.com/bugreport/crash.jsp
#

---------------  T H R E A D  ---------------

Current thread (0x04f2e400):  VMThread [stack: 0x04dd0000,0x04e20000] [id=20928]

siginfo: ExceptionCode=0xc0000005, ExceptionInformation=0x00000008 0x1717f9f8

Registers:
EAX=0x1717e498, EBX=0x04e1f0cc, ECX=0x171895a0, EDX=0x1717f9f8
ESP=0x04e1f08c, EBP=0x04e1f0ac, ESI=0x0d59c400, EDI=0x0d59c508
EIP=0x1717f9f8, EFLAGS=0x00010212

Top of Stack: (sp=0x04e1f08c)
0x04e1f08c:   6cce5f7f 0d59c508 04e1f0cc 0d59c400
0x04e1f09c:   00002f00 0d59c600 0c550000 0d59c400
0x04e1f0ac:   04e1f0e0 6cce5d1b 0d59c400 00002f00
0x04e1f0bc:   0d59c400 0d5a8000 04e1f0cc 04ea67b8
0x04e1f0cc:   6cf1fed0 0d59c500 04f1bab0 0c550000
0x04e1f0dc:   04e1f294 04e1f108 6cce5267 0d59c400
0x04e1f0ec:   00002f00 0d59c400 0d5a8000 00000080
0x04e1f0fc:   0d59c200 17032ce1 0d59c400 04e1f130 

Instructions: (pc=0x1717f9f8)
0x1717f9d8:   2a 59 b4 01 00 5a 04 60 b5 01 00 2b 53 04 ac ff
0x1717f9e8:   00 da 15 51 51 89 00 00 00 00 00 00 00 00 1f 00
0x1717f9f8:   38 11 f2 6c 98 f9 17 17 00 00 00 00 68 95 23 17
0x1717fa08:   21 00 00 00 05 00 00 00 0c 00 00 00 60 af 00 05 


Register to memory mapping:

EAX=0x1717e498 is pointing into metadata
EBX=0x04e1f0cc is an unknown value
ECX=0x171895a0 is pointing into metadata
EDX={method} {0x1717f9fc} 'add' '(Ljava/lang/Object;)Z' in 'java/util/Vector'
ESP=0x04e1f08c is an unknown value
EBP=0x04e1f0ac is an unknown value
ESI=0x0d59c400 is an oop
java.util.ArrayList 
 - klass: 'java/util/ArrayList'
EDI=0x0d59c508 is an oop

[error occurred during error reporting (printing register info), id 0xc0000005]

Stack: [0x04dd0000,0x04e20000],  sp=0x04e1f08c,  free space=316k
Native frames: (J=compiled Java code, j=interpreted, Vv=VM code, C=native code)
C  0x1717f9f8
V  [jvm.dll+0xa5d1b]
V  [jvm.dll+0xa5267]
V  [jvm.dll+0x92245]
V  [jvm.dll+0x91770]
V  [jvm.dll+0x91d44]
V  [jvm.dll+0x9ac5c]
V  [jvm.dll+0x91c04]
V  [jvm.dll+0x99b4e]
V  [jvm.dll+0x959c9]
V  [jvm.dll+0x99683]
V  [jvm.dll+0x936b5]
V  [jvm.dll+0x1b9146]
V  [jvm.dll+0x1834eb]
V  [jvm.dll+0x1828f1]
V  [jvm.dll+0x182d07]
V  [jvm.dll+0x182f02]
V  [jvm.dll+0x1c2ec6]
C  [msvcr100.dll+0x5c556]
C  [msvcr100.dll+0x5c600]
C  [KERNEL32.DLL+0x18654]
C  [ntdll.dll+0x64a77]
C  [ntdll.dll+0x64a47]

VM_Operation (0x0349f248): GenCollectForAllocation, mode: safepoint, requested by thread 0x034cd400


---------------  P R O C E S S  ---------------

Java Threads: ( => current thread )
  0x17e69000 JavaThread "D3D Screen Updater" daemon [_thread_blocked, id=20588, stack(0x249d0000,0x24a20000)]
  0x17e34000 JavaThread "AWT-EventQueue-0" [_thread_blocked, id=10768, stack(0x1c3e0000,0x1c430000)]
  0x17e5c800 JavaThread "AWT-Windows" daemon [_thread_in_native, id=20252, stack(0x182e0000,0x18330000)]
  0x17581800 JavaThread "AWT-Shutdown" [_thread_blocked, id=19004, stack(0x18250000,0x182a0000)]
  0x176ef400 JavaThread "Java2D Disposer" daemon [_thread_blocked, id=21188, stack(0x17dc0000,0x17e10000)]
  0x175bf400 JavaThread "Service Thread" daemon [_thread_blocked, id=14420, stack(0x17bb0000,0x17c00000)]
  0x175b8400 JavaThread "C1 CompilerThread0" daemon [_thread_blocked, id=3432, stack(0x17b20000,0x17b70000)]
  0x175e2c00 JavaThread "Monitor Ctrl-Break" daemon [_thread_in_native, id=17624, stack(0x17a90000,0x17ae0000)]
  0x1758a400 JavaThread "Attach Listener" daemon [_thread_blocked, id=21032, stack(0x179f0000,0x17a40000)]
  0x17588400 JavaThread "Signal Dispatcher" daemon [_thread_blocked, id=16468, stack(0x17960000,0x179b0000)]
  0x1756ac00 JavaThread "Finalizer" daemon [_thread_blocked, id=20732, stack(0x177e0000,0x17830000)]
  0x17555000 JavaThread "Reference Handler" daemon [_thread_blocked, id=14476, stack(0x17750000,0x177a0000)]
  0x034cd400 JavaThread "main" [_thread_blocked, id=20528, stack(0x03450000,0x034a0000)]

Other Threads:
=>0x04f2e400 VMThread [stack: 0x04dd0000,0x04e20000] [id=20928]
  0x17621800 WatcherThread [stack: 0x17c40000,0x17c90000] [id=16948]

VM state:at safepoint (normal execution)

VM Mutex/Monitor currently owned by a thread:  ([mutex/lock_event])
[0x034cbb80] Threads_lock - owner thread: 0x04f2e400
[0x034ccbb0] Heap_lock - owner thread: 0x034cd400

Heap:
 def new generation   total 16064K, used 14361K [0x07000000, 0x08160000, 0x0c550000)
  eden space 14336K, 100% used [0x07000000, 0x07e00000, 0x07e00000)
  from space 1728K,   1% used [0x07e00000, 0x07e064f0, 0x07fb0000)
  to   space 1728K,   0% used [0x07fb0000, 0x07fb16f0, 0x08160000)
 tenured generation   total 35496K, used 28231K [0x0c550000, 0x0e7fa000, 0x17000000)
   the space 35496K,  79% used [0x0c550000, 0x0e0e1e08, 0x0e0e2000, 0x0e7fa000)
 Metaspace       used 6205K, capacity 6372K, committed 6400K, reserved 6528K

Card table byte_map: [0x17000000,0x17090000] byte_map_base: 0x16fc8000

Polling page: 0x03300000

CodeCache: size=32768Kb used=1159Kb max_used=1159Kb free=31608Kb
 bounds [0x05000000, 0x05128000, 0x07000000]
 total_blobs=575 nmethods=355 adapters=151
 compilation: enabled

Compilation events (10 events):
Event: 40.150 Thread 0x175b8400  360             sun.java2d.pipe.Region::isInsideXYXY (39 bytes)
Event: 40.150 Thread 0x175b8400 nmethod 360 0x05121288 code [0x05121380, 0x05121450]
Event: 40.215 Thread 0x175b8400  361             sun.awt.AppContext::getAppContext (51 bytes)
Event: 40.215 Thread 0x175b8400 nmethod 361 0x05121488 code [0x051215b0, 0x05121708]
Event: 40.795 Thread 0x175b8400  362             javax.swing.SwingUtilities::getPaintingOrigin (33 bytes)
Event: 40.795 Thread 0x175b8400 nmethod 362 0x05121808 code [0x05121910, 0x051219fc]
Event: 42.426 Thread 0x175b8400  363             sun.java2d.StateTrackableDelegate$1::isCurrent (17 bytes)
Event: 42.426 Thread 0x175b8400 nmethod 363 0x05121ac8 code [0x05121bc0, 0x05121c60]
Event: 42.514 Thread 0x175b8400  364             javax.swing.JComponent::getGraphics (33 bytes)
Event: 42.514 Thread 0x175b8400 nmethod 364 0x05121cc8 code [0x05121df0, 0x05121f30]

GC Heap History (10 events):
Event: 42.322 GC heap after
Heap after GC invocations=841 (full 2):
 def new generation   total 16064K, used 22K [0x07000000, 0x08160000, 0x0c550000)
  eden space 14336K,   0% used [0x07000000, 0x07000000, 0x07e00000)
  from space 1728K,   1% used [0x07e00000, 0x07e05960, 0x07fb0000)
  to   space 1728K,   0% used [0x07fb0000, 0x07fb0000, 0x08160000)
 tenured generation   total 35496K, used 28225K [0x0c550000, 0x0e7fa000, 0x17000000)
   the space 35496K,  79% used [0x0c550000, 0x0e0e06a0, 0x0e0e0800, 0x0e7fa000)
 Metaspace       used 6205K, capacity 6372K, committed 6400K, reserved 6528K
}
Event: 42.360 GC heap before
{Heap before GC invocations=841 (full 2):
 def new generation   total 16064K, used 14358K [0x07000000, 0x08160000, 0x0c550000)
  eden space 14336K, 100% used [0x07000000, 0x07e00000, 0x07e00000)
  from space 1728K,   1% used [0x07e00000, 0x07e05960, 0x07fb0000)
  to   space 1728K,   0% used [0x07fb0000, 0x07fb0000, 0x08160000)
 tenured generation   total 35496K, used 28225K [0x0c550000, 0x0e7fa000, 0x17000000)
   the space 35496K,  79% used [0x0c550000, 0x0e0e06a0, 0x0e0e0800, 0x0e7fa000)
 Metaspace       used 6205K, capacity 6372K, committed 6400K, reserved 6528K
Event: 42.366 GC heap after
Heap after GC invocations=842 (full 2):
 def new generation   total 16064K, used 22K [0x07000000, 0x08160000, 0x0c550000)
  eden space 14336K,   0% used [0x07000000, 0x07000000, 0x07e00000)
  from space 1728K,   1% used [0x07fb0000, 0x07fb5a10, 0x08160000)
  to   space 1728K,   0% used [0x07e00000, 0x07e00000, 0x07fb0000)
 tenured generation   total 35496K, used 28225K [0x0c550000, 0x0e7fa000, 0x17000000)
   the space 35496K,  79% used [0x0c550000, 0x0e0e07b8, 0x0e0e0800, 0x0e7fa000)
 Metaspace       used 6205K, capacity 6372K, committed 6400K, reserved 6528K
}
Event: 42.418 GC heap before
{Heap before GC invocations=842 (full 2):
 def new generation   total 16064K, used 14358K [0x07000000, 0x08160000, 0x0c550000)
  eden space 14336K, 100% used [0x07000000, 0x07e00000, 0x07e00000)
  from space 1728K,   1% used [0x07fb0000, 0x07fb5a10, 0x08160000)
  to   space 1728K,   0% used [0x07e00000, 0x07e00000, 0x07fb0000)
 tenured generation   total 35496K, used 28225K [0x0c550000, 0x0e7fa000, 0x17000000)
   the space 35496K,  79% used [0x0c550000, 0x0e0e07b8, 0x0e0e0800, 0x0e7fa000)
 Metaspace       used 6205K, capacity 6372K, committed 6400K, reserved 6528K
Event: 42.425 GC heap after
Heap after GC invocations=843 (full 2):
 def new generation   total 16064K, used 25K [0x07000000, 0x08160000, 0x0c550000)
  eden space 14336K,   0% used [0x07000000, 0x07000000, 0x07e00000)
  from space 1728K,   1% used [0x07e00000, 0x07e06480, 0x07fb0000)
  to   space 1728K,   0% used [0x07fb0000, 0x07fb0000, 0x08160000)
 tenured generation   total 35496K, used 28228K [0x0c550000, 0x0e7fa000, 0x17000000)
   the space 35496K,  79% used [0x0c550000, 0x0e0e1270, 0x0e0e1400, 0x0e7fa000)
 Metaspace       used 6205K, capacity 6372K, committed 6400K, reserved 6528K
}
Event: 42.461 GC heap before
{Heap before GC invocations=843 (full 2):
 def new generation   total 16064K, used 14361K [0x07000000, 0x08160000, 0x0c550000)
  eden space 14336K, 100% used [0x07000000, 0x07e00000, 0x07e00000)
  from space 1728K,   1% used [0x07e00000, 0x07e06480, 0x07fb0000)
  to   space 1728K,   0% used [0x07fb0000, 0x07fb0000, 0x08160000)
 tenured generation   total 35496K, used 28228K [0x0c550000, 0x0e7fa000, 0x17000000)
   the space 35496K,  79% used [0x0c550000, 0x0e0e1270, 0x0e0e1400, 0x0e7fa000)
 Metaspace       used 6205K, capacity 6372K, committed 6400K, reserved 6528K
Event: 42.468 GC heap after
Heap after GC invocations=844 (full 2):
 def new generation   total 16064K, used 22K [0x07000000, 0x08160000, 0x0c550000)
  eden space 14336K,   0% used [0x07000000, 0x07000000, 0x07e00000)
  from space 1728K,   1% used [0x07fb0000, 0x07fb5a88, 0x08160000)
  to   space 1728K,   0% used [0x07e00000, 0x07e00000, 0x07fb0000)
 tenured generation   total 35496K, used 28228K [0x0c550000, 0x0e7fa000, 0x17000000)
   the space 35496K,  79% used [0x0c550000, 0x0e0e1318, 0x0e0e1400, 0x0e7fa000)
 Metaspace       used 6205K, capacity 6372K, committed 6400K, reserved 6528K
}
Event: 42.518 GC heap before
{Heap before GC invocations=844 (full 2):
 def new generation   total 16064K, used 14358K [0x07000000, 0x08160000, 0x0c550000)
  eden space 14336K, 100% used [0x07000000, 0x07e00000, 0x07e00000)
  from space 1728K,   1% used [0x07fb0000, 0x07fb5a88, 0x08160000)
  to   space 1728K,   0% used [0x07e00000, 0x07e00000, 0x07fb0000)
 tenured generation   total 35496K, used 28228K [0x0c550000, 0x0e7fa000, 0x17000000)
   the space 35496K,  79% used [0x0c550000, 0x0e0e1318, 0x0e0e1400, 0x0e7fa000)
 Metaspace       used 6205K, capacity 6372K, committed 6400K, reserved 6528K
Event: 42.524 GC heap after
Heap after GC invocations=845 (full 2):
 def new generation   total 16064K, used 25K [0x07000000, 0x08160000, 0x0c550000)
  eden space 14336K,   0% used [0x07000000, 0x07000000, 0x07e00000)
  from space 1728K,   1% used [0x07e00000, 0x07e064f0, 0x07fb0000)
  to   space 1728K,   0% used [0x07fb0000, 0x07fb0000, 0x08160000)
 tenured generation   total 35496K, used 28231K [0x0c550000, 0x0e7fa000, 0x17000000)
   the space 35496K,  79% used [0x0c550000, 0x0e0e1d28, 0x0e0e1e00, 0x0e7fa000)
 Metaspace       used 6205K, capacity 6372K, committed 6400K, reserved 6528K
}
Event: 42.566 GC heap before
{Heap before GC invocations=845 (full 2):
 def new generation   total 16064K, used 14361K [0x07000000, 0x08160000, 0x0c550000)
  eden space 14336K, 100% used [0x07000000, 0x07e00000, 0x07e00000)
  from space 1728K,   1% used [0x07e00000, 0x07e064f0, 0x07fb0000)
  to   space 1728K,   0% used [0x07fb0000, 0x07fb0000, 0x08160000)
 tenured generation   total 35496K, used 28231K [0x0c550000, 0x0e7fa000, 0x17000000)
   the space 35496K,  79% used [0x0c550000, 0x0e0e1d28, 0x0e0e1e00, 0x0e7fa000)
 Metaspace       used 6205K, capacity 6372K, committed 6400K, reserved 6528K

Deoptimization events (0 events):
No events

Internal exceptions (10 events):
Event: 0.063 Thread 0x034cd400 Exception <a 'java/lang/NoSuchMethodError': Method sun.misc.Unsafe.prefetchRead(Ljava/lang/Object;J)V name or signature does not match> (0x07007168) thrown at [C:\re\workspace\8-2-build-windows-i586-cygwin\jdk8u131\8869\hotspot\src\share\vm\prims\jni.cpp,
Event: 0.225 Thread 0x034cd400 Exception <a 'java/security/PrivilegedActionException'> (0x071e3c20) thrown at [C:\re\workspace\8-2-build-windows-i586-cygwin\jdk8u131\8869\hotspot\src\share\vm\prims\jvm.cpp, line 1390]
Event: 0.225 Thread 0x034cd400 Exception <a 'java/security/PrivilegedActionException'> (0x071e3e20) thrown at [C:\re\workspace\8-2-build-windows-i586-cygwin\jdk8u131\8869\hotspot\src\share\vm\prims\jvm.cpp, line 1390]
Event: 0.226 Thread 0x034cd400 Exception <a 'java/security/PrivilegedActionException'> (0x071e79b8) thrown at [C:\re\workspace\8-2-build-windows-i586-cygwin\jdk8u131\8869\hotspot\src\share\vm\prims\jvm.cpp, line 1390]
Event: 0.226 Thread 0x034cd400 Exception <a 'java/security/PrivilegedActionException'> (0x071e7bb8) thrown at [C:\re\workspace\8-2-build-windows-i586-cygwin\jdk8u131\8869\hotspot\src\share\vm\prims\jvm.cpp, line 1390]
Event: 0.235 Thread 0x034cd400 Exception <a 'java/io/FileNotFoundException'> (0x071f4a68) thrown at [C:\re\workspace\8-2-build-windows-i586-cygwin\jdk8u131\8869\hotspot\src\share\vm\prims\jni.cpp, line 709]
Event: 0.293 Thread 0x034cd400 Exception <a 'java/lang/NoSuchFieldError': method resolution failed> (0x0730e5e0) thrown at [C:\re\workspace\8-2-build-windows-i586-cygwin\jdk8u131\8869\hotspot\src\share\vm\prims\methodHandles.cpp, line 1146]
Event: 0.295 Thread 0x034cd400 Exception <a 'java/lang/NoSuchFieldError': method resolution failed> (0x0731b218) thrown at [C:\re\workspace\8-2-build-windows-i586-cygwin\jdk8u131\8869\hotspot\src\share\vm\prims\methodHandles.cpp, line 1146]
Event: 0.734 Thread 0x034cd400 Exception <a 'java/io/FileNotFoundException'> (0x07c628e0) thrown at [C:\re\workspace\8-2-build-windows-i586-cygwin\jdk8u131\8869\hotspot\src\share\vm\prims\jni.cpp, line 709]
Event: 1.130 Thread 0x034cd400 Exception <a 'java/lang/NoSuchMethodError': java.lang.Object.lambda$comparing$77a9974f$1(Ljava/util/function/Function;Ljava/lang/Object;Ljava/lang/Object;)I> (0x070fa488) thrown at [C:\re\workspace\8-2-build-windows-i586-cygwin\jdk8u131\8869\hotspot\src\s

Events (10 events):
Event: 42.322 Executing VM operation: GenCollectForAllocation done
Event: 42.360 Executing VM operation: GenCollectForAllocation
Event: 42.366 Executing VM operation: GenCollectForAllocation done
Event: 42.418 Executing VM operation: GenCollectForAllocation
Event: 42.425 Executing VM operation: GenCollectForAllocation done
Event: 42.461 Executing VM operation: GenCollectForAllocation
Event: 42.468 Executing VM operation: GenCollectForAllocation done
Event: 42.518 Executing VM operation: GenCollectForAllocation
Event: 42.524 Executing VM operation: GenCollectForAllocation done
Event: 42.566 Executing VM operation: GenCollectForAllocation


Dynamic libraries:
0x000b0000 - 0x000e3000 	C:\Program Files (x86)\BlueJ\jdk\bin\java.exe
0x76fc0000 - 0x7714d000 	C:\WINDOWS\SYSTEM32\ntdll.dll
0x76970000 - 0x76a40000 	C:\WINDOWS\System32\KERNEL32.DLL
0x69810000 - 0x6983f000 	C:\Program Files\AVAST Software\Avast\aswhookx.dll
0x76ba0000 - 0x76d77000 	C:\WINDOWS\System32\KERNELBASE.dll
0x6b610000 - 0x6b6aa000 	C:\WINDOWS\SYSTEM32\apphelp.dll
0x74760000 - 0x747d8000 	C:\WINDOWS\System32\ADVAPI32.dll
0x73f10000 - 0x73fcd000 	C:\WINDOWS\System32\msvcrt.dll
0x74a80000 - 0x74ac3000 	C:\WINDOWS\System32\sechost.dll
0x749c0000 - 0x74a7e000 	C:\WINDOWS\System32\RPCRT4.dll
0x739e0000 - 0x73a00000 	C:\WINDOWS\System32\SspiCli.dll
0x739d0000 - 0x739da000 	C:\WINDOWS\System32\CRYPTBASE.dll
0x747e0000 - 0x74837000 	C:\WINDOWS\System32\bcryptPrimitives.dll
0x74c20000 - 0x74d95000 	C:\WINDOWS\System32\USER32.dll
0x74990000 - 0x749a6000 	C:\WINDOWS\System32\win32u.dll
0x74da0000 - 0x74dc2000 	C:\WINDOWS\System32\GDI32.dll
0x76a40000 - 0x76b9e000 	C:\WINDOWS\System32\gdi32full.dll
0x73aa0000 - 0x73b1c000 	C:\WINDOWS\System32\msvcp_win.dll
0x76ea0000 - 0x76fb7000 	C:\WINDOWS\System32\ucrtbase.dll
0x6f3e0000 - 0x6f5f1000 	C:\WINDOWS\WinSxS\x86_microsoft.windows.common-controls_6595b64144ccf1df_6.0.16299.192_none_5d760485a7e0eb41\COMCTL32.dll
0x73c20000 - 0x73e66000 	C:\WINDOWS\System32\combase.dll
0x76de0000 - 0x76e05000 	C:\WINDOWS\System32\IMM32.DLL
0x6b430000 - 0x6b4ef000 	C:\Program Files (x86)\BlueJ\jdk\jre\bin\msvcr100.dll
0x6cc40000 - 0x6d00e000 	C:\Program Files (x86)\BlueJ\jdk\jre\bin\client\jvm.dll
0x749b0000 - 0x749b6000 	C:\WINDOWS\System32\PSAPI.DLL
0x73700000 - 0x73708000 	C:\WINDOWS\SYSTEM32\WSOCK32.dll
0x75020000 - 0x75086000 	C:\WINDOWS\System32\WS2_32.dll
0x70ac0000 - 0x70ae4000 	C:\WINDOWS\SYSTEM32\WINMM.dll
0x732e0000 - 0x732e8000 	C:\WINDOWS\SYSTEM32\VERSION.dll
0x70590000 - 0x705b3000 	C:\WINDOWS\SYSTEM32\WINMMBASE.dll
0x74dd0000 - 0x74e08000 	C:\WINDOWS\System32\cfgmgr32.dll
0x6d930000 - 0x6d93c000 	C:\Program Files (x86)\BlueJ\jdk\jre\bin\verify.dll
0x6d900000 - 0x6d921000 	C:\Program Files (x86)\BlueJ\jdk\jre\bin\java.dll
0x6b410000 - 0x6b430000 	C:\Program Files (x86)\BlueJ\jdk\jre\bin\instrument.dll
0x6b3f0000 - 0x6b403000 	C:\Program Files (x86)\BlueJ\jdk\jre\bin\zip.dll
0x75090000 - 0x763c3000 	C:\WINDOWS\System32\SHELL32.dll
0x76e10000 - 0x76e98000 	C:\WINDOWS\System32\shcore.dll
0x73fd0000 - 0x74596000 	C:\WINDOWS\System32\windows.storage.dll
0x74bd0000 - 0x74c15000 	C:\WINDOWS\System32\shlwapi.dll
0x73ea0000 - 0x73eae000 	C:\WINDOWS\System32\kernel.appcore.dll
0x76920000 - 0x76965000 	C:\WINDOWS\System32\powrprof.dll
0x73c00000 - 0x73c14000 	C:\WINDOWS\System32\profapi.dll
0x6b170000 - 0x6b186000 	C:\Program Files\JetBrains\IntelliJ IDEA 2017.3\bin\breakgen.dll
0x6b150000 - 0x6b166000 	C:\Program Files (x86)\BlueJ\jdk\jre\bin\net.dll
0x710b0000 - 0x71105000 	C:\WINDOWS\system32\mswsock.dll
0x6c4c0000 - 0x6c605000 	C:\Program Files (x86)\BlueJ\jdk\jre\bin\awt.dll
0x73a00000 - 0x73a93000 	C:\WINDOWS\System32\OLEAUT32.dll
0x72c90000 - 0x72d09000 	C:\WINDOWS\system32\uxtheme.dll
0x74840000 - 0x74984000 	C:\WINDOWS\System32\MSCTF.dll
0x565a0000 - 0x565c6000 	C:\PROGRA~2\RAPTRI~1\Raptr\ltc_help32-119906.dll
0x745a0000 - 0x745e6000 	C:\WINDOWS\System32\WINTRUST.dll
0x73e70000 - 0x73e7e000 	C:\WINDOWS\System32\MSASN1.dll
0x74e10000 - 0x74f92000 	C:\WINDOWS\System32\CRYPT32.dll
0x57d40000 - 0x57d66000 	C:\PROGRA~2\RAPTRI~1\PlaysTV\ltc_help32-125533.dll
0x6fd00000 - 0x6fd23000 	C:\WINDOWS\system32\dwmapi.dll
0x74ad0000 - 0x74bc7000 	C:\WINDOWS\System32\ole32.dll
0x5fb30000 - 0x5fc0f000 	C:\WINDOWS\system32\opengl32.dll
0x62a80000 - 0x62aa5000 	C:\WINDOWS\SYSTEM32\GLU32.dll
0x57f20000 - 0x5808c000 	C:\WINDOWS\system32\d3d9.dll
0x57da0000 - 0x57f1b000 	C:\WINDOWS\System32\DriverStore\FileRepository\c0318486.inf_amd64_11ba0b4b7cc81d52\aticfx32.dll
0x69a20000 - 0x69a47000 	C:\WINDOWS\System32\DriverStore\FileRepository\c0318486.inf_amd64_11ba0b4b7cc81d52\atiu9pag.dll
0x18eb0000 - 0x197db000 	C:\WINDOWS\System32\DriverStore\FileRepository\c0318486.inf_amd64_11ba0b4b7cc81d52\atiumdag.dll
0x5fcf0000 - 0x6085d000 	C:\WINDOWS\System32\DriverStore\FileRepository\c0318486.inf_amd64_11ba0b4b7cc81d52\atiumdva.dll
0x6d740000 - 0x6d779000 	C:\Program Files (x86)\BlueJ\jdk\jre\bin\fontmanager.dll
0x64ca0000 - 0x64d17000 	C:\WINDOWS\System32\TextInputFramework.dll
0x64a60000 - 0x64c94000 	C:\WINDOWS\System32\CoreUIComponents.dll
0x649d0000 - 0x64a5c000 	C:\WINDOWS\System32\CoreMessaging.dll
0x72b30000 - 0x72b58000 	C:\WINDOWS\SYSTEM32\ntmarta.dll
0x647e0000 - 0x648ab000 	C:\WINDOWS\SYSTEM32\wintypes.dll
0x72b10000 - 0x72b23000 	C:\WINDOWS\System32\CRYPTSP.dll
0x72940000 - 0x7296f000 	C:\WINDOWS\system32\rsaenh.dll
0x72af0000 - 0x72b09000 	C:\WINDOWS\SYSTEM32\bcrypt.dll
0x75000000 - 0x75019000 	C:\WINDOWS\System32\imagehlp.dll
0x6a4c0000 - 0x6a4de000 	C:\WINDOWS\SYSTEM32\gpapi.dll
0x6a200000 - 0x6a226000 	C:\Windows\System32\cryptnet.dll
0x73200000 - 0x73230000 	C:\WINDOWS\SYSTEM32\IPHLPAPI.DLL
0x71830000 - 0x71838000 	C:\WINDOWS\SYSTEM32\WINNSI.DLL
0x73e80000 - 0x73e87000 	C:\WINDOWS\System32\NSI.dll
0x25a20000 - 0x25bfe000 	C:\PROGRA~2\RAPTRI~1\PlaysTV\ltc_game32-125533.dll
0x58a20000 - 0x58b94000 	C:\WINDOWS\SYSTEM32\MFPlat.DLL
0x63880000 - 0x638a7000 	C:\WINDOWS\SYSTEM32\RTWorkQ.DLL
0x27e30000 - 0x28012000 	C:\PROGRA~2\RAPTRI~1\Raptr\ltc_game32-119906.dll
0x6d1e0000 - 0x6d361000 	C:\WINDOWS\SYSTEM32\dbghelp.dll

VM Arguments:
jvm_args: -javaagent:C:\Program Files\JetBrains\IntelliJ IDEA 2017.3\lib\idea_rt.jar=55567:C:\Program Files\JetBrains\IntelliJ IDEA 2017.3\bin -Dfile.encoding=UTF-8 
java_command: Main
java_class_path (initial): C:\Program Files (x86)\BlueJ\jdk\jre\lib\charsets.jar;C:\Program Files (x86)\BlueJ\jdk\jre\lib\deploy.jar;C:\Program Files (x86)\BlueJ\jdk\jre\lib\ext\access-bridge-32.jar;C:\Program Files (x86)\BlueJ\jdk\jre\lib\ext\cldrdata.jar;C:\Program Files (x86)\BlueJ\jdk\jre\lib\ext\dnsns.jar;C:\Program Files (x86)\BlueJ\jdk\jre\lib\ext\jaccess.jar;C:\Program Files (x86)\BlueJ\jdk\jre\lib\ext\jfxrt.jar;C:\Program Files (x86)\BlueJ\jdk\jre\lib\ext\localedata.jar;C:\Program Files (x86)\BlueJ\jdk\jre\lib\ext\nashorn.jar;C:\Program Files (x86)\BlueJ\jdk\jre\lib\ext\sunec.jar;C:\Program Files (x86)\BlueJ\jdk\jre\lib\ext\sunjce_provider.jar;C:\Program Files (x86)\BlueJ\jdk\jre\lib\ext\sunmscapi.jar;C:\Program Files (x86)\BlueJ\jdk\jre\lib\ext\sunpkcs11.jar;C:\Program Files (x86)\BlueJ\jdk\jre\lib\ext\zipfs.jar;C:\Program Files (x86)\BlueJ\jdk\jre\lib\javaws.jar;C:\Program Files (x86)\BlueJ\jdk\jre\lib\jce.jar;C:\Program Files (x86)\BlueJ\jdk\jre\lib\jfr.jar;C:\Program Files (x86)\BlueJ\jdk\jre\lib\jfxswt.jar;C:\Program Files (x86)\BlueJ\jdk\jre\lib\jsse.jar;C:\Program Files (x86)\BlueJ\jdk\jre\lib\management-agent.jar;C:\Program Files (x86)\BlueJ\jdk\jre\lib\plugin.jar;C:\Program Files (x86)\BlueJ\jdk\jre\lib\resources.jar;C:\Program Files (x86)\BlueJ\jdk\jre\lib\rt.jar;C:\Users\Callum\IdeaProjects\Cell Empires\out\production\Cell Empires;C:\Program Files\JetBrains\IntelliJ IDEA 2017.3\lib\idea_rt.jar
Launcher Type: SUN_STANDARD

Environment Variables:
USERNAME=Callum
OS=Windows_NT
PROCESSOR_IDENTIFIER=AMD64 Family 21 Model 1 Stepping 2, AuthenticAMD



---------------  S Y S T E M  ---------------

OS: Windows 10.0 , 64 bit Build 16299 (10.0.16299.15)

CPU:total 6 (initial active 6) (6 cores per cpu, 1 threads per core) family 21 model 1 stepping 2, cmov, cx8, fxsr, mmx, sse, sse2, sse3, ssse3, sse4.1, sse4.2, popcnt, avx, aes, clmul, mmxext, 3dnowpref, lzcnt, sse4a, tsc, tscinvbit, tscinv

Memory: 4k page, physical 8369716k(1235744k free), swap 26114756k(3169048k free)

vm_info: Java HotSpot(TM) Client VM (25.131-b11) for windows-x86 JRE (1.8.0_131-b11), built on Mar 15 2017 01:26:29 by "java_re" with MS VC++ 10.0 (VS2010)

time: Mon Feb 05 21:43:22 2018
elapsed time: 42 seconds (0d 0h 0m 42s)

